[38;5;112m[Appium][0m Welcome to Appium v2.19.0 (REV 4d14be89e99a45181c18e96a5f19a5b43343cc0f)
[38;5;112m[Appium][0m Non-default server args:
[38;5;112m[Appium][0m { basePath: [32m'/wd/hub'[39m, loglevel: [32m'info'[39m, port: [33m55063[39m }
[38;5;112m[Appium][0m Attempting to load driver xcuitest...
[38;5;112m[Appium][0m Attempting to load driver uiautomator2...
[38;5;112m[Appium][0m Appium REST http interface listener started on http://0.0.0.0:55063/wd/hub
[38;5;112m[Appium][0m You can provide the following URLs in your client code to connect to this server:
	http://127.0.0.1:55063/wd/hub (only accessible from the same host)
	http://172.20.10.2:55063/wd/hub
[38;5;112m[Appium][0m Available drivers:
[38;5;112m[Appium][0m   - xcuitest@7.21.1 (automationName 'XCUITest')
[38;5;112m[Appium][0m   - uiautomator2@3.7.0 (automationName 'UiAutomator2')
[38;5;112m[Appium][0m No plugins have been installed. Use the "appium plugin" command to install the one(s) you want to use.
[38;5;86m[HTTP][0m [37m-->[39m [37mGET[39m [37m/wd/hub/status[39m {}
[38;5;86m[HTTP][0m <-- GET /wd/hub/status 200 3 ms - 200 
[38;5;86m[HTTP][0m [37m-->[39m [37mGET[39m [37m/wd/hub/status[39m {}
[38;5;86m[HTTP][0m <-- GET /wd/hub/status 200 0 ms - 200 
[38;5;86m[HTTP][0m [37m-->[39m [37mPOST[39m [37m/wd/hub/session[39m {"capabilities":{"firstMatch":[{"appium:app":"/Users/bionsrevamp/Downloads/app-development-profile 2.apk","appium:autoGrantPermissions":true,"appium:automationName":"uiautomator2","appium:deviceId":"","appium:deviceName":"Xiaomi 2312DRA50G (Android 15)","appium:fullReset":false,"appium:newCommandTimeout":1800,"appium:noReset":true,"appium:platformName":"ANDROID","appium:platformVersion":"15","appium:systemPort":55075,"appium:udid":"c965b1b0","platformName":"ANDROID"}]},"desiredCapabilities":{"appium:app":"/Users/bionsrevamp/Downloads/app-development-profile 2.apk","appium:autoGrantPermissions":true,"appium:automationName":"uiautomator2","appium:deviceId":"","appium:deviceName":"Xiaomi 2312DRA50G (Android 15)","appium:fullReset":false,"appium:newCommandTimeout":1800,"appium:noReset":true,"appium:platformName":"ANDROID","appium:platformVersion":"15","appium:systemPort":55075,"appium:udid":"c965b1b0"}}
[38;5;123m[BaseDriver][0m Ignoring capability 'appium:platformName=ANDROID' and using capability 'platformName=ANDROID'
[38;5;123m[BaseDriver][0m The capabilities ["platformName"] are standard capabilities and do not require "appium:" prefix
[38;5;112m[Appium][0m Attempting to find matching driver for automationName 'uiautomator2' and platformName 'ANDROID'
[38;5;112m[Appium][0m The 'uiautomator2' driver was installed and matched caps.
[38;5;112m[Appium][0m Will require it at /Users/bionsrevamp/.appium/node_modules/appium-uiautomator2-driver
[38;5;147m[AppiumDriver@619a][0m Appium v2.19.0 creating new AndroidUiautomator2Driver (v3.7.0) session
[38;5;147m[AppiumDriver@619a][0m Checking BaseDriver versions for Appium and AndroidUiautomator2Driver
[38;5;147m[AppiumDriver@619a][0m Appium's BaseDriver version is 9.18.0
[38;5;147m[AppiumDriver@619a][0m AndroidUiautomator2Driver's BaseDriver version is 9.18.0
[38;5;-36m[AndroidUiautomator2Driver@e9f9][0m The following provided capabilities were not recognized by this driver:
[38;5;-36m[AndroidUiautomator2Driver@e9f9][0m   deviceId
[38;5;182m[1e0264d0][0m[38;5;-36m[AndroidUiautomator2Driver@e9f9][0m Session created with session id: 1e0264d0-de64-4535-b03c-a7f00a98c03d
[38;5;182m[1e0264d0][0m[38;5;229m[ADB][0m Found 1 'build-tools' folders under '/Users/bionsrevamp/.katalon/tools/android_sdk' (newest first):
[38;5;182m[1e0264d0][0m[38;5;229m[ADB][0m     /Users/bionsrevamp/.katalon/tools/android_sdk/build-tools/29.0.3
[38;5;182m[1e0264d0][0m[38;5;229m[ADB][0m Using 'adb' from '/Users/bionsrevamp/.katalon/tools/android_sdk/platform-tools/adb'
[38;5;182m[1e0264d0][0m[38;5;-36m[AndroidUiautomator2Driver@e9f9][0m Retrieving device list
[38;5;182m[1e0264d0][0m[38;5;-36m[AndroidUiautomator2Driver@e9f9][0m Using device: c965b1b0
[38;5;182m[1e0264d0][0m[38;5;229m[ADB][0m Using 'adb' from '/Users/bionsrevamp/.katalon/tools/android_sdk/platform-tools/adb'
[38;5;182m[1e0264d0][0m[38;5;123m[BaseDriver][0m Using local app '/Users/bionsrevamp/Downloads/app-development-profile 2.apk'
[38;5;182m[1e0264d0][0m[38;5;229m[ADB][0m Getting device platform version
[38;5;182m[1e0264d0][0m[38;5;-36m[AndroidUiautomator2Driver@e9f9][0m Relaxing hidden api policy
[38;5;182m[1e0264d0][0m[38;5;229m[ADB][0m Package name: 'id.bions.bnis.android.v2'
[38;5;182m[1e0264d0][0m[38;5;229m[ADB][0m Main activity name: 'id.bions.bnis.android.MainActivity'
[38;5;182m[1e0264d0][0m[38;5;229m[ADB][0m Using 'apksigner.jar' from '/Users/bionsrevamp/.katalon/tools/android_sdk/build-tools/29.0.3/lib/apksigner.jar'
[38;5;182m[1e0264d0][0m[38;5;-36m[AndroidUiautomator2Driver@e9f9][0m Server packages are not going to be (re)installed
[38;5;182m[1e0264d0][0m[38;5;229m[ADB][0m Adding packages ["io.appium.settings","io.appium.uiautomator2.server","io.appium.uiautomator2.server.test"] to Doze whitelist
[38;5;182m[1e0264d0][0m[38;5;229m[ADB][0m '/Users/bionsrevamp/Downloads/app-development-profile 2.apk' is signed with a non-default certificate
[38;5;182m[1e0264d0][0m[38;5;229m[ADB][0m The application at '/Users/bionsrevamp/Downloads/app-development-profile 2.apk' will not be cached, because the device under test has confirmed the support of streamed installs
[38;5;182m[1e0264d0][0m[38;5;229m[ADB][0m The installation of 'app-development-profile 2.apk' took 11374ms
[38;5;182m[1e0264d0][0m[38;5;-36m[AndroidUiautomator2Driver@e9f9][0m Starting UIAutomator2 server 7.0.15
[38;5;182m[1e0264d0][0m[38;5;-36m[AndroidUiautomator2Driver@e9f9][0m Using UIAutomator2 server from '/Users/bionsrevamp/.appium/node_modules/appium-uiautomator2-driver/node_modules/appium-uiautomator2-server/apks/appium-uiautomator2-server-v7.0.15.apk' and test from '/Users/bionsrevamp/.appium/node_m[38;5;112m[Appium][0m Received SIGTERM - shutting down
[38;5;86m[HTTP][0m Closing Appium HTTP server
[38;5;86m[HTTP][0m Appium HTTP server has been successfully closed after 9ms
2Driver@e9f9][0m Waiting up to 30000ms for UiAutomator2 to be online...
[38;5;182m[1e0264d0][0m[38;5;-36m[AndroidUiautomator2Driver@e9f9][0m socket hang up
[38;5;182m[1e0264d0][0m[38;5;-36m[AndroidUiautomator2Driver@e9f9][0m socket hang up
[38;5;182m[1e0264d0][0m[38;5;-36m[AndroidUiautomator2Driver@e9f9][0m Determined the downstream protocol as 'W3C'
[38;5;182m[1e0264d0][0m[38;5;-36m[AndroidUiautomator2Driver@e9f9][0m Screen already unlocked, doing nothing
[38;5;182m[1e0264d0][0m[38;5;-36m[AndroidUiautomator2Driver@e9f9][0m Starting 'id.bions.bnis.android.v2/id.bions.bnis.android.MainActivity and waiting for 'id.bions.bnis.android.v2/id.bions.bnis.android.MainActivity'
[38;5;182m[1e0264d0][0m[38;5;147m[AppiumDriver@619a][0m New AndroidUiautomator2Driver session created successfully, session 1e0264d0-de64-4535-b03c-a7f00a98c03d added to master session list
[38;5;182m[1e0264d0][0m[38;5;86m[HTTP][0m <-- POST /wd/hub/session 200 19915 ms - 1221 
[38;5;86m[HTTP][0m [37m-->[39m [37mGET[39m [37m/wd/hub/status[39m {}
[38;5;86m[HTTP][0m <-- GET /wd/hub/status 200 0 ms - 200 
[38;5;182m[1e0264d0][0m[38;5;86m[HTTP][0m [37m-->[39m [37mPOST[39m [37m/wd/hub/session/1e0264d0-de64-4535-b03c-a7f00a98c03d/timeouts[39m {"implicit":60000}
[38;5;182m[1e0264d0][0m[38;5;86m[HTTP][0m <-- POST /wd/hub/session/1e0264d0-de64-4535-b03c-a7f00a98c03d/timeouts 200 2 ms - 14 
[38;5;182m[1e0264d0][0m[38;5;86m[HTTP][0m [37m-->[39m [37mGET[39m [37m/wd/hub/session/1e0264d0-de64-4535-b03c-a7f00a98c03d/source[39m {}
[38;5;182m[1e0264d0][0m[38;5;-36m[AndroidUiautomator2Driver@e9f9][0m Driver proxy active, passing request on via HTTP proxy
[38;5;182m[1e0264d0][0m[38;5;-36m[AndroidUiautomator2Driver@e9f9][0m Replacing sessionId d112bfe0-ec8f-4fae-91bb-f92123e6213a with 1e0264d0-de64-4535-b03c-a7f00a98c03d
[38;5;182m[1e0264d0][0m[38;5;86m[HTTP][0m <-- GET /wd/hub/session/1e0264d0-de64-4535-b03c-a7f00a98c03d/source 200 446 ms - 3581 
[38;5;182m[1e0264d0][0m[38;5;86m[HTTP][0m [37m-->[39m [37mGET[39m [37m/wd/hub/session/1e0264d0-de64-4535-b03c-a7f00a98c03d/screenshot[39m {}
[38;5;182m[1e0264d0][0m[38;5;86m[HTTP][0m <-- GET /wd/hub/session/1e0264d0-de64-4535-b03c-a7f00a98c03d/screenshot 200 416 ms - 123512 
[38;5;182m[1e0264d0][0m[38;5;86m[HTTP][0m [37m-->[39m [37mGET[39m [37m/wd/hub/session/1e0264d0-de64-4535-b03c-a7f00a98c03d/source[39m {}
[38;5;182m[1e0264d0][0m[38;5;-36m[AndroidUiautomator2Driver@e9f9][0m Driver proxy active, passing request on via HTTP proxy
[38;5;182m[1e0264d0][0m[38;5;-36m[AndroidUiautomator2Driver@e9f9][0m Replacing sessionId d112bfe0-ec8f-4fae-91bb-f92123e6213a with 1e0264d0-de64-4535-b03c-a7f00a98c03d
[38;5;182m[1e0264d0][0m[38;5;86m[HTTP][0m <-- GET /wd/hub/session/1e0264d0-de64-4535-b03c-a7f00a98c03d/source 200 39 ms - 6044 
[38;5;182m[1e0264d0][0m[38;5;86m[HTTP][0m [37m-->[39m [37mGET[39m [37m/wd/hub/session/1e0264d0-de64-4535-b03c-a7f00a98c03d/screenshot[39m {}
[38;5;182m[1e0264d0][0m[38;5;86m[HTTP][0m <-- GET /wd/hub/session/1e0264d0-de64-4535-b03c-a7f00a98c03d/screenshot 200 463 ms - 224480 
[38;5;182m[1e0264d0][0m[38;5;86m[HTTP][0m [37m-->[39m [37mPOST[39m [37m/wd/hub/session/1e0264d0-de64-4535-b03c-a7f00a98c03d/timeouts[39m {"implicit":1000}
[38;5;182m[1e0264d0][0m[38;5;86m[HTTP][0m <-- POST /wd/hub/session/1e0264d0-de64-4535-b03c-a7f00a98c03d/timeouts 200 3 ms - 14 
[38;5;182m[1e0264d0][0m[38;5;86m[HTTP][0m [37m-->[39m [37mPOST[39m [37m/wd/hub/session/1e0264d0-de64-4535-b03c-a7f00a98c03d/elements[39m {"value":"(//*[@class = 'android.widget.Button' and @resource-id = '' and (@text = '' or . = '')])[1]","using":"xpath"}
[38;5;182m[1e0264d0][0m[38;5;86m[HTTP][0m <-- POST /wd/hub/session/1e0264d0-de64-4535-b03c-a7f00a98c03d/elements 200 352 ms - 139 
[38;5;182m[1e0264d0][0m[38;5;86m[HTTP][0m [37m-->[39m [37mGET[39m [37m/wd/hub/session/1e0264d0-de64-4535-b03c-a7f00a98c03d/element/00000000-0000-0a58-0000-013500000004/rect[39m {}
[38;5;182m[1e0264d0][0m[38;5;-36m[AndroidUiautomator2Driver@e9f9][0m Driver proxy active, passing request on via HTTP proxy
[38;5;182m[1e0264d0][0m[38;5;-36m[AndroidUiautomator2Driver@e9f9][0m Replacing sessionId d112bfe0-ec8f-4fae-91bb-f92123e6213a with 1e0264d0-de64-4535-b03c-a7f00a98c03d
[38;5;182m[1e0264d0][0m[38;5;86m[HTTP][0m <-- GET /wd/hub/session/1e0264d0-de64-4535-b03c-a7f00a98c03d/element/00000000-0000-0a58-0000-013500000004/rect 200 22 ms - 101 
[38;5;182m[1e0264d0][0m[38;5;86m[HTTP][0m [37m-->[39m [37mGET[39m [37m/wd/hub/session/1e0264d0-de64-4535-b03c-a7f00a98c03d/element/00000000-0000-0a58-0000-013500000004/rect[39m {}
[38;5;182m[1e0264d0][0m[38;5;-36m[AndroidUiautomator2Driver@e9f9][0m Driver proxy active, passing request on via HTTP proxy
[38;5;182m[1e0264d0][0m[38;5;-36m[AndroidUiautomator2Driver@e9f9][0m Replacing sessionId d112bfe0-ec8f-4fae-91bb-f92123e6213a with 1e0264d0-de64-4535-b03c-a7f00a98c03d
[38;5;182m[1e0264d0][0m[38;5;86m[HTTP][0m <-- GET /wd/hub/session/1e0264d0-de64-4535-b03c-a7f00a98c03d/element/00000000-0000-0a58-0000-013500000004/rect 200 19 ms - 101 
[38;5;182m[1e0264d0][0m[38;5;86m[HTTP][0m [37m-->[39m [37mPOST[39m [37m/wd/hub/session/1e0264d0-de64-4535-b03c-a7f00a98c03d/timeouts[39m {"implicit":1000}
[38;5;182m[1e0264d0][0m[38;5;86m[HTTP][0m <-- POST /wd/hub/session/1e0264d0-de64-4535-b03c-a7f00a98c03d/timeouts 200 1 ms - 14 
[38;5;182m[1e0264d0][0m[38;5;86m[HTTP][0m [37m-->[39m [37mPOST[39m [37m/wd/hub/session/1e0264d0-de64-4535-b03c-a7f00a98c03d/elements[39m {"value":"(//*[@class = 'android.widget.Button' and @resource-id = '' and (@text = '' or . = '')])[2]","using":"xpath"}
[38;5;182m[1e0264d0][0m[38;5;86m[HTTP][0m <-- POST /wd/hub/session/1e0264d0-de64-4535-b03c-a7f00a98c03d/elements 200 223 ms - 139 
[38;5;182m[1e0264d0][0m[38;5;86m[HTTP][0m [37m-->[39m [37mGET[39m [37m/wd/hub/session/1e0264d0-de64-4535-b03c-a7f00a98c03d/element/00000000-0000-0a58-0000-013a00000004/rect[39m {}
[38;5;182m[1e0264d0][0m[38;5;-36m[AndroidUiautomator2Driver@e9f9][0m Driver proxy active, passing request on via HTTP proxy
[38;5;182m[1e0264d0][0m[38;5;-36m[AndroidUiautomator2Driver@e9f9][0m Replacing sessionId d112bfe0-ec8f-4fae-91bb-f92123e6213a with 1e0264d0-de64-4535-b03c-a7f00a98c03d
[38;5;182m[1e0264d0][0m[38;5;86m[HTTP][0m <-- GET /wd/hub/session/1e0264d0-de64-4535-b03c-a7f00a98c03d/element/00000000-0000-0a58-0000-013a00000004/rect 200 16 ms - 104 
[38;5;182m[1e0264d0][0m[38;5;86m[HTTP][0m [37m-->[39m [37mGET[39m [37m/wd/hub/session/1e0264d0-de64-4535-b03c-a7f00a98c03d/element/00000000-0000-0a58-0000-013a00000004/rect[39m {}
[38;5;182m[1e0264d0][0m[38;5;-36m[AndroidUiautomator2Driver@e9f9][0m Driver proxy active, passing request on via HTTP proxy
[38;5;182m[1e0264d0][0m[38;5;-36m[AndroidUiautomator2Driver@e9f9][0m Replacing sessionId d112bfe0-ec8f-4fae-91bb-f92123e6213a with 1e0264d0-de64-4535-b03c-a7f00a98c03d
[38;5;182m[1e0264d0][0m[38;5;86m[HTTP][0m <-- GET /wd/hub/session/1e0264d0-de64-4535-b03c-a7f00a98c03d/element/00000000-0000-0a58-0000-013a00000004/rect 200 21 ms - 104 
[38;5;182m[1e0264d0][0m[38;5;86m[HTTP][0m [37m-->[39m [37mPOST[39m [37m/wd/hub/session/1e0264d0-de64-4535-b03c-a7f00a98c03d/timeouts[39m {"implicit":1000}
[38;5;182m[1e0264d0][0m[38;5;86m[HTTP][0m <-- POST /wd/hub/session/1e0264d0-de64-4535-b03c-a7f00a98c03d/timeouts 200 1 ms - 14 
[38;5;182m[1e0264d0][0m[38;5;86m[HTTP][0m [37m-->[39m [37mPOST[39m [37m/wd/hub/session/1e0264d0-de64-4535-b03c-a7f00a98c03d/elements[39m {"value":"(//*[@class = 'android.widget.Button' and @resource-id = '' and (@text = '' or . = '')])[2]","using":"xpath"}
[38;5;182m[1e0264d0][0m[38;5;86m[HTTP][0m <-- POST /wd/hub/session/1e0264d0-de64-4535-b03c-a7f00a98c03d/elements 200 59 ms - 139 
[38;5;182m[1e0264d0][0m[38;5;86m[HTTP][0m [37m-->[39m [37mGET[39m [37m/wd/hub/session/1e0264d0-de64-4535-b03c-a7f00a98c03d/element/00000000-0000-0a58-0000-013a00000004/rect[39m {}
[38;5;182m[1e0264d0][0m[38;5;-36m[AndroidUiautomator2Driver@e9f9][0m Driver proxy active, passing request on via HTTP proxy
[38;5;182m[1e0264d0][0m[38;5;-36m[AndroidUiautomator2Driver@e9f9][0m Replacing sessionId d112bfe0-ec8f-4fae-91bb-f92123e6213a with 1e0264d0-de64-4535-b03c-a7f00a98c03d
[38;5;182m[1e0264d0][0m[38;5;86m[HTTP][0m <-- GET /wd/hub/session/1e0264d0-de64-4535-b03c-a7f00a98c03d/element/00000000-0000-0a58-0000-013a00000004/rect 200 20 ms - 104 
[38;5;182m[1e0264d0][0m[38;5;86m[HTTP][0m [37m-->[39m [37mGET[39m [37m/wd/hub/session/1e0264d0-de64-4535-b03c-a7f00a98c03d/element/00000000-0000-0a58-0000-013a00000004/rect[39m {}
[38;5;182m[1e0264d0][0m[38;5;-36m[AndroidUiautomator2Driver@e9f9][0m Driver proxy active, passing request on via HTTP proxy
[38;5;182m[1e0264d0][0m[38;5;-36m[AndroidUiautomator2Driver@e9f9][0m Replacing sessionId d112bfe0-ec8f-4fae-91bb-f92123e6213a with 1e0264d0-de64-4535-b03c-a7f00a98c03d
[38;5;182m[1e0264d0][0m[38;5;86m[HTTP][0m <-- GET /wd/hub/session/1e0264d0-de64-4535-b03c-a7f00a98c03d/element/00000000-0000-0a58-0000-013a00000004/rect 200 35 ms - 104 
[38;5;182m[1e0264d0][0m[38;5;86m[HTTP][0m [37m-->[39m [37mGET[39m [37m/wd/hub/session/1e0264d0-de64-4535-b03c-a7f00a98c03d/source[39m {}
[38;5;182m[1e0264d0][0m[38;5;-36m[AndroidUiautomator2Driver@e9f9][0m Driver proxy active, passing request on via HTTP proxy
[38;5;182m[1e0264d0][0m[38;5;-36m[AndroidUiautomator2Driver@e9f9][0m Replacing sessionId d112bfe0-ec8f-4fae-91bb-f92123e6213a with 1e0264d0-de64-4535-b03c-a7f00a98c03d
[38;5;182m[1e0264d0][0m[38;5;86m[HTTP][0m <-- GET /wd/hub/session/1e0264d0-de64-4535-b03c-a7f00a98c03d/source 200 616 ms - 17722 
[38;5;182m[1e0264d0][0m[38;5;86m[HTTP][0m [37m-->[39m [37mGET[39m [37m/wd/hub/session/1e0264d0-de64-4535-b03c-a7f00a98c03d/screenshot[39m {}
[38;5;182m[1e0264d0][0m[38;5;86m[HTTP][0m <-- GET /wd/hub/session/1e0264d0-de64-4535-b03c-a7f00a98c03d/screenshot 200 398 ms - 233524 
[38;5;182m[1e0264d0][0m[38;5;86m[HTTP][0m [37m-->[39m [37mPOST[39m [37m/wd/hub/session/1e0264d0-de64-4535-b03c-a7f00a98c03d/timeouts[39m {"implicit":1000}
[38;5;182m[1e0264d0][0m[38;5;86m[HTTP][0m <-- POST /wd/hub/session/1e0264d0-de64-4535-b03c-a7f00a98c03d/timeouts 200 3 ms - 14 
[38;5;182m[1e0264d0][0m[38;5;86m[HTTP][0m [37m-->[39m [37mPOST[39m [37m/wd/hub/session/1e0264d0-de64-4535-b03c-a7f00a98c03d/elements[39m {"value":"(//*[@class = 'android.widget.Button' and @resource-id = '' and (@text = '' or . = '')])[2]","using":"xpath"}
[38;5;182m[1e0264d0][0m[38;5;86m[HTTP][0m <-- POST /wd/hub/session/1e0264d0-de64-4535-b03c-a7f00a98c03d/elements 200 228 ms - 139 
[38;5;182m[1e0264d0][0m[38;5;86m[HTTP][0m [37m-->[39m [37mGET[39m [37m/wd/hub/session/1e0264d0-de64-4535-b03c-a7f00a98c03d/element/00000000-0000-0a58-0000-011000000004/rect[39m {}
[38;5;182m[1e0264d0][0m[38;5;-36m[AndroidUiautomator2Driver@e9f9][0m Driver proxy active, passing request on via HTTP proxy
[38;5;182m[1e0264d0][0m[38;5;-36m[AndroidUiautomator2Driver@e9f9][0m Replacing sessionId d112bfe0-ec8f-4fae-91bb-f92123e6213a with 1e0264d0-de64-4535-b03c-a7f00a98c03d
[38;5;182m[1e0264d0][0m[38;5;86m[HTTP][0m <-- GET /wd/hub/session/1e0264d0-de64-4535-b03c-a7f00a98c03d/element/00000000-0000-0a58-0000-011000000004/rect 200 29 ms - 100 
[38;5;182m[1e0264d0][0m[38;5;86m[HTTP][0m [37m-->[39m [37mGET[39m [37m/wd/hub/session/1e0264d0-de64-4535-b03c-a7f00a98c03d/element/00000000-0000-0a58-0000-011000000004/rect[39m {}
[38;5;182m[1e0264d0][0m[38;5;-36m[AndroidUiautomator2Driver@e9f9][0m Driver proxy active, passing request on via HTTP proxy
[38;5;182m[1e0264d0][0m[38;5;-36m[AndroidUiautomator2Driver@e9f9][0m Replacing sessionId d112bfe0-ec8f-4fae-91bb-f92123e6213a with 1e0264d0-de64-4535-b03c-a7f00a98c03d
[38;5;182m[1e0264d0][0m[38;5;86m[HTTP][0m <-- GET /wd/hub/session/1e0264d0-de64-4535-b03c-a7f00a98c03d/element/00000000-0000-0a58-0000-011000000004/rect 200 25 ms - 100 
[38;5;182m[1e0264d0][0m[38;5;86m[HTTP][0m [37m-->[39m [37mGET[39m [37m/wd/hub/session/1e0264d0-de64-4535-b03c-a7f00a98c03d/source[39m {}
[38;5;182m[1e0264d0][0m[38;5;-36m[AndroidUiautomator2Driver@e9f9][0m Driver proxy active, passing request on via HTTP proxy
[38;5;182m[1e0264d0][0m[38;5;-36m[AndroidUiautomator2Driver@e9f9][0m Replacing sessionId d112bfe0-ec8f-4fae-91bb-f92123e6213a with 1e0264d0-de64-4535-b03c-a7f00a98c03d
[38;5;182m[1e0264d0][0m[38;5;86m[HTTP][0m <-- GET /wd/hub/session/1e0264d0-de64-4535-b03c-a7f00a98c03d/source 200 1345 ms - 24618 
[38;5;182m[1e0264d0][0m[38;5;86m[HTTP][0m [37m-->[39m [37mGET[39m [37m/wd/hub/session/1e0264d0-de64-4535-b03c-a7f00a98c03d/screenshot[39m {}
[38;5;182m[1e0264d0][0m[38;5;86m[HTTP][0m <-- GET /wd/hub/session/1e0264d0-de64-4535-b03c-a7f00a98c03d/screenshot 200 643 ms - 749788 
[38;5;182m[1e0264d0][0m[38;5;86m[HTTP][0m [37m-->[39m [37mPOST[39m [37m/wd/hub/session/1e0264d0-de64-4535-b03c-a7f00a98c03d/timeouts[39m {"implicit":1000}
[38;5;182m[1e0264d0][0m[38;5;86m[HTTP][0m <-- POST /wd/hub/session/1e0264d0-de64-4535-b03c-a7f00a98c03d/timeouts 200 1 ms - 14 
[38;5;182m[1e0264d0][0m[38;5;86m[HTTP][0m [37m-->[39m [37mPOST[39m [37m/wd/hub/session/1e0264d0-de64-4535-b03c-a7f00a98c03d/elements[39m {"value":"//*[@class = 'android.widget.ScrollView' and @resource-id = '' and (@text = '' or . = '')]","using":"xpath"}
[38;5;182m[1e0264d0][0m[38;5;86m[HTTP][0m <-- POST /wd/hub/session/1e0264d0-de64-4535-b03c-a7f00a98c03d/elements 200 241 ms - 139 
[38;5;182m[1e0264d0][0m[38;5;86m[HTTP][0m [37m-->[39m [37mGET[39m [37m/wd/hub/session/1e0264d0-de64-4535-b03c-a7f00a98c03d/element/00000000-0000-0a58-0000-007000000004/rect[39m {}
[38;5;182m[1e0264d0][0m[38;5;-36m[AndroidUiautomator2Driver@e9f9][0m Driver proxy active, passing request on via HTTP proxy
[38;5;182m[1e0264d0][0m[38;5;-36m[AndroidUiautomator2Driver@e9f9][0m Replacing sessionId d112bfe0-ec8f-4fae-91bb-f92123e6213a with 1e0264d0-de64-4535-b03c-a7f00a98c03d
[38;5;182m[1e0264d0][0m[38;5;86m[HTTP][0m <-- GET /wd/hub/session/1e0264d0-de64-4535-b03c-a7f00a98c03d/element/00000000-0000-0a58-0000-007000000004/rect 200 30 ms - 103 
[38;5;182m[1e0264d0][0m[38;5;86m[HTTP][0m [37m-->[39m [37mGET[39m [37m/wd/hub/session/1e0264d0-de64-4535-b03c-a7f00a98c03d/element/00000000-0000-0a58-0000-007000000004/rect[39m {}
[38;5;182m[1e0264d0][0m[38;5;-36m[AndroidUiautomator2Driver@e9f9][0m Driver proxy active, passing request on via HTTP proxy
[38;5;182m[1e0264d0][0m[38;5;-36m[AndroidUiautomator2Driver@e9f9][0m Replacing sessionId d112bfe0-ec8f-4fae-91bb-f92123e6213a with 1e0264d0-de64-4535-b03c-a7f00a98c03d
[38;5;182m[1e0264d0][0m[38;5;86m[HTTP][0m <-- GET /wd/hub/session/1e0264d0-de64-4535-b03c-a7f00a98c03d/element/00000000-0000-0a58-0000-007000000004/rect 200 37 ms - 103 
[38;5;182m[1e0264d0][0m[38;5;86m[HTTP][0m [37m-->[39m [37mDELETE[39m [37m/wd/hub/session/1e0264d0-de64-4535-b03c-a7f00a98c03d[39m {}
[38;5;182m[1e0264d0][0m[38;5;147m[AppiumDriver@619a][0m Removing session 1e0264d0-de64-4535-b03c-a7f00a98c03d from our master session list
[38;5;182m[1e0264d0][0m[38;5;-36m[AndroidUiautomator2Driver@e9f9][0m Restoring hidden api policy to the device default configuration
[38;5;182m[1e0264d0][0m[38;5;86m[HTTP][0m <-- DELETE /wd/hub/session/1e0264d0-de64-4535-b03c-a7f00a98c03d 200 336 ms - 14 
[38;5;112m[Appium][0m Received SIGTERM - shutting down
[38;5;86m[HTTP][0m Closing Appium HTTP server
[38;5;86m[HTTP][0m Appium HTTP server has been successfully closed after 1ms
